# JRE version: OpenJDK Runtime Environment (8.0_121-b13) (build 1.8.0_121-8u121-b13-4-b13)
# Java VM: OpenJDK 64-Bit Server VM (25.121-b13 mixed mode linux-amd64 compressed oops)
Heap:
 def new generation   total 19136K, used 7729K [0x00000000c2400000, 0x00000000c38c0000, 0x00000000d6d50000)
  eden space 17024K,  43% used [0x00000000c2400000, 0x00000000c2b29bb0, 0x00000000c34a0000)
  from space 2112K,  18% used [0x00000000c34a0000, 0x00000000c3502c30, 0x00000000c36b0000)
  to   space 2112K,   0% used [0x00000000c36b0000, 0x00000000c36b0000, 0x00000000c38c0000)
 tenured generation   total 42368K, used 32696K [0x00000000d6d50000, 0x00000000d96b0000, 0x0000000100000000)
   the space 42368K,  77% used [0x00000000d6d50000, 0x00000000d8d3e008, 0x00000000d8d3e200, 0x00000000d96b0000)
 Metaspace       used 48918K, capacity 49388K, committed 49832K, reserved 1093632K
  class space    used 6060K, capacity 6193K, committed 6320K, reserved 1048576K
GC Heap History (10 events):
Event: 20.387 GC heap before
{Heap before GC invocations=33 (full 2):
 def new generation   total 19136K, used 18847K [0x00000000c2400000, 0x00000000c38c0000, 0x00000000d6d50000)
  eden space 17024K, 100% used [0x00000000c2400000, 0x00000000c34a0000, 0x00000000c34a0000)
  from space 2112K,  86% used [0x00000000c36b0000, 0x00000000c3877fb0, 0x00000000c38c0000)
  to   space 2112K,   0% used [0x00000000c34a0000, 0x00000000c34a0000, 0x00000000c36b0000)
 tenured generation   total 42368K, used 27344K [0x00000000d6d50000, 0x00000000d96b0000, 0x0000000100000000)
   the space 42368K,  64% used [0x00000000d6d50000, 0x00000000d88040c8, 0x00000000d8804200, 0x00000000d96b0000)
 Metaspace       used 46249K, capacity 46774K, committed 47144K, reserved 1091584K
  class space    used 5799K, capacity 5917K, committed 5936K, reserved 1048576K
Event: 20.399 GC heap after
Heap after GC invocations=34 (full 2):
 def new generation   total 19136K, used 1071K [0x00000000c2400000, 0x00000000c38c0000, 0x00000000d6d50000)
  eden space 17024K,   0% used [0x00000000c2400000, 0x00000000c2400000, 0x00000000c34a0000)
  from space 2112K,  50% used [0x00000000c34a0000, 0x00000000c35abd48, 0x00000000c36b0000)
  to   space 2112K,   0% used [0x00000000c36b0000, 0x00000000c36b0000, 0x00000000c38c0000)
 tenured generation   total 42368K, used 28641K [0x00000000d6d50000, 0x00000000d96b0000, 0x0000000100000000)
   the space 42368K,  67% used [0x00000000d6d50000, 0x00000000d8948638, 0x00000000d8948800, 0x00000000d96b0000)
 Metaspace       used 46249K, capacity 46774K, committed 47144K, reserved 1091584K
  class space    used 5799K, capacity 5917K, committed 5936K, reserved 1048576K
}
Event: 20.953 GC heap before
{Heap before GC invocations=34 (full 2):
 def new generation   total 19136K, used 18095K [0x00000000c2400000, 0x00000000c38c0000, 0x00000000d6d50000)
  eden space 17024K, 100% used [0x00000000c2400000, 0x00000000c34a0000, 0x00000000c34a0000)
  from space 2112K,  50% used [0x00000000c34a0000, 0x00000000c35abd48, 0x00000000c36b0000)
  to   space 2112K,   0% used [0x00000000c36b0000, 0x00000000c36b0000, 0x00000000c38c0000)
 tenured generation   total 42368K, used 28641K [0x00000000d6d50000, 0x00000000d96b0000, 0x0000000100000000)
   the space 42368K,  67% used [0x00000000d6d50000, 0x00000000d8948638, 0x00000000d8948800, 0x00000000d96b0000)
 Metaspace       used 47707K, capacity 48186K, committed 48552K, reserved 1091584K
  class space    used 5904K, capacity 6028K, committed 6064K, reserved 1048576K
Event: 20.964 GC heap after
Heap after GC invocations=35 (full 2):
 def new generation   total 19136K, used 1780K [0x00000000c2400000, 0x00000000c38c0000, 0x00000000d6d50000)
  eden space 17024K,   0% used [0x00000000c2400000, 0x00000000c2400000, 0x00000000c34a0000)
  from space 2112K,  84% used [0x00000000c36b0000, 0x00000000c386d010, 0x00000000c38c0000)
  to   space 2112K,   0% used [0x00000000c34a0000, 0x00000000c34a0000, 0x00000000c36b0000)
 tenured generation   total 42368K, used 29462K [0x00000000d6d50000, 0x00000000d96b0000, 0x0000000100000000)
   the space 42368K,  69% used [0x00000000d6d50000, 0x00000000d8a15be8, 0x00000000d8a15c00, 0x00000000d96b0000)
 Metaspace       used 47707K, capacity 48186K, committed 48552K, reserved 1091584K
  class space    used 5904K, capacity 6028K, committed 6064K, reserved 1048576K
}
Event: 21.360 GC heap before
{Heap before GC invocations=35 (full 2):
 def new generation   total 19136K, used 18804K [0x00000000c2400000, 0x00000000c38c0000, 0x00000000d6d50000)
  eden space 17024K, 100% used [0x00000000c2400000, 0x00000000c34a0000, 0x00000000c34a0000)
  from space 2112K,  84% used [0x00000000c36b0000, 0x00000000c386d010, 0x00000000c38c0000)
  to   space 2112K,   0% used [0x00000000c34a0000, 0x00000000c34a0000, 0x00000000c36b0000)
 tenured generation   total 42368K, used 29462K [0x00000000d6d50000, 0x00000000d96b0000, 0x0000000100000000)
   the space 42368K,  69% used [0x00000000d6d50000, 0x00000000d8a15be8, 0x00000000d8a15c00, 0x00000000d96b0000)
 Metaspace       used 48185K, capacity 48704K, committed 49192K, reserved 1091584K
  class space    used 5963K, capacity 6094K, committed 6192K, reserved 1048576K
Event: 21.370 GC heap after
Heap after GC invocations=36 (full 2):
 def new generation   total 19136K, used 1410K [0x00000000c2400000, 0x00000000c38c0000, 0x00000000d6d50000)
  eden space 17024K,   0% used [0x00000000c2400000, 0x00000000c2400000, 0x00000000c34a0000)
  from space 2112K,  66% used [0x00000000c34a0000, 0x00000000c3600bd8, 0x00000000c36b0000)
  to   space 2112K,   0% used [0x00000000c36b0000, 0x00000000c36b0000, 0x00000000c38c0000)
 tenured generation   total 42368K, used 30622K [0x00000000d6d50000, 0x00000000d96b0000, 0x0000000100000000)
   the space 42368K,  72% used [0x00000000d6d50000, 0x00000000d8b37ad0, 0x00000000d8b37c00, 0x00000000d96b0000)
 Metaspace       used 48185K, capacity 48704K, committed 49192K, reserved 1091584K
  class space    used 5963K, capacity 6094K, committed 6192K, reserved 1048576K
}
Event: 21.674 GC heap before
{Heap before GC invocations=36 (full 2):
 def new generation   total 19136K, used 18434K [0x00000000c2400000, 0x00000000c38c0000, 0x00000000d6d50000)
  eden space 17024K, 100% used [0x00000000c2400000, 0x00000000c34a0000, 0x00000000c34a0000)
  from space 2112K,  66% used [0x00000000c34a0000, 0x00000000c3600bd8, 0x00000000c36b0000)
  to   space 2112K,   0% used [0x00000000c36b0000, 0x00000000c36b0000, 0x00000000c38c0000)
 tenured generation   total 42368K, used 30622K [0x00000000d6d50000, 0x00000000d96b0000, 0x0000000100000000)
   the space 42368K,  72% used [0x00000000d6d50000, 0x00000000d8b37ad0, 0x00000000d8b37c00, 0x00000000d96b0000)
 Metaspace       used 48371K, capacity 48940K, committed 49192K, reserved 1091584K
  class space    used 5993K, capacity 6129K, committed 6192K, reserved 1048576K
Event: 21.684 GC heap after
Heap after GC invocations=37 (full 2):
 def new generation   total 19136K, used 1090K [0x00000000c2400000, 0x00000000c38c0000, 0x00000000d6d50000)
  eden space 17024K,   0% used [0x00000000c2400000, 0x00000000c2400000, 0x00000000c34a0000)
  from space 2112K,  51% used [0x00000000c36b0000, 0x00000000c37c0920, 0x00000000c38c0000)
  to   space 2112K,   0% used [0x00000000c34a0000, 0x00000000c34a0000, 0x00000000c36b0000)
 tenured generation   total 42368K, used 31709K [0x00000000d6d50000, 0x00000000d96b0000, 0x0000000100000000)
   the space 42368K,  74% used [0x00000000d6d50000, 0x00000000d8c476a8, 0x00000000d8c47800, 0x00000000d96b0000)
 Metaspace       used 48371K, capacity 48940K, committed 49192K, reserved 1091584K
  class space    used 5993K, capacity 6129K, committed 6192K, reserved 1048576K
}
Event: 21.984 GC heap before
{Heap before GC invocations=37 (full 2):
 def new generation   total 19136K, used 18114K [0x00000000c2400000, 0x00000000c38c0000, 0x00000000d6d50000)
  eden space 17024K, 100% used [0x00000000c2400000, 0x00000000c34a0000, 0x00000000c34a0000)
  from space 2112K,  51% used [0x00000000c36b0000, 0x00000000c37c0920, 0x00000000c38c0000)
  to   space 2112K,   0% used [0x00000000c34a0000, 0x00000000c34a0000, 0x00000000c36b0000)
 tenured generation   total 42368K, used 31709K [0x00000000d6d50000, 0x00000000d96b0000, 0x0000000100000000)
   the space 42368K,  74% used [0x00000000d6d50000, 0x00000000d8c476a8, 0x00000000d8c47800, 0x00000000d96b0000)
 Metaspace       used 48421K, capacity 48940K, committed 49192K, reserved 1091584K
  class space    used 6002K, capacity 6129K, committed 6192K, reserved 1048576K
Event: 21.994 GC heap after
Heap after GC invocations=38 (full 2):
 def new generation   total 19136K, used 395K [0x00000000c2400000, 0x00000000c38c0000, 0x00000000d6d50000)
  eden space 17024K,   0% used [0x00000000c2400000, 0x00000000c2400000, 0x00000000c34a0000)
  from space 2112K,  18% used [0x00000000c34a0000, 0x00000000c3502c30, 0x00000000c36b0000)
  to   space 2112K,   0% used [0x00000000c36b0000, 0x00000000c36b0000, 0x00000000c38c0000)
 tenured generation   total 42368K, used 32696K [0x00000000d6d50000, 0x00000000d96b0000, 0x0000000100000000)
   the space 42368K,  77% used [0x00000000d6d50000, 0x00000000d8d3e008, 0x00000000d8d3e200, 0x00000000d96b0000)
 Metaspace       used 48421K, capacity 48940K, committed 49192K, reserved 1091584K
  class space    used 6002K, capacity 6129K, committed 6192K, reserved 1048576K
}

